,Level,Date and Time,Source,Event ID,Task Category,
1,Error,01-12-2022 10:48,Microsoft-Windows-WHEA-Logger,1,None,A fatal hardware error has occurred. A record describing the condition is contained in the data section of this event.
2,Error,01-12-2022 10:47,Service Control Manager,7000,None,"The bfs service failed to start due to the following error: 
Access is denied."
3,Error,01-12-2022 10:47,EventLog,6008,None,The previous system shutdown at 10:44:41 AM on ?12/?1/?2022 was unexpected.
4,Error,01-12-2022 10:44,Microsoft-Windows-Kernel-Power,86,-83,"The system was shut down due to a critical thermal event.             
Shutdown Time = ?2022?-?12?-?01T05:14:45.759549300Z             
ACPI Thermal Zone = \_TZ.TZ01             
_CRT = 368K"
5,Error,01-12-2022 10:44,Service Control Manager,7000,None,"The bfs service failed to start due to the following error: 
Access is denied."
6,Error,01-12-2022 10:44,Application Error,1000,Application Crashing Events,"Faulting application name: mfevtps.exe, version: 22.7.0.191, time stamp: 0x62b9312c
Faulting module name: ntdll.dll, version: 10.0.22621.755, time stamp: 0x8a328c67
Exception code: 0xc0000005
Fault offset: 0x000000000003419a
Faulting process id: 0x0xBB4
Faulting application start time: 0x0x1D903FB1A2C9D4A
Faulting application path: C:\Windows\system32\mfevtps.exe
Faulting module path: C:\WINDOWS\SYSTEM32\ntdll.dll
Report Id: 6b11bddb-83f6-49e1-be95-7ff1c5832db3
Faulting package full name: 
Faulting package-relative application ID: "
7,Error,01-12-2022 10:33,Microsoft-Windows-WindowsUpdateClient,20,Windows Update Agent,Installation Failure: Windows failed to install the following update with error 0x80073D05: 9NBLGGH4MSV6-CanonicalGroupLimited.UbuntuonWindows.
8,Error,01-12-2022 10:32,Microsoft-Windows-WindowsUpdateClient,20,Windows Update Agent,Installation Failure: Windows failed to install the following update with error 0x80073D05: 9NBLGGH4MSV6-CanonicalGroupLimited.UbuntuonWindows.
9,Error,01-12-2022 10:32,Microsoft-Windows-WindowsUpdateClient,20,Windows Update Agent,Installation Failure: Windows failed to install the following update with error 0x80073D05: 9NBLGGH4MSV6-CanonicalGroupLimited.UbuntuonWindows.
10,Error,01-12-2022 10:31,Microsoft-Windows-WindowsUpdateClient,20,Windows Update Agent,Installation Failure: Windows failed to install the following update with error 0x80073D05: 9NBLGGH4MSV6-CanonicalGroupLimited.UbuntuonWindows.
11,Error,01-12-2022 10:04,Application Error,1000,Application Crashing Events,"Faulting application name: WhatsApp.exe, version: 0.0.0.0, time stamp: 0x6374cccb
Faulting module name: WhatsApp.dll, version: 0.0.0.0, time stamp: 0x6374cccb
Exception code: 0x00001007
Fault offset: 0x0000000004affd76
Faulting process id: 0x0x2FF4
Faulting application start time: 0x0x1D9053567CB56B1
Faulting application path: C:\Program Files\WindowsApps\5319275A.WhatsAppDesktop_2.2245.5.0_x64__cv1g1gvanyjgm\WhatsApp.exe
Faulting module path: C:\Program Files\WindowsApps\5319275A.WhatsAppDesktop_2.2245.5.0_x64__cv1g1gvanyjgm\WhatsApp.dll
Report Id: 820d7022-9212-43ff-a357-c15ec68de68d
Faulting package full name: 5319275A.WhatsAppDesktop_2.2245.5.0_x64__cv1g1gvanyjgm
Faulting package-relative application ID: App"
12,Error,01-12-2022 09:50,Microsoft-Windows-WindowsUpdateClient,20,Windows Update Agent,Installation Failure: Windows failed to install the following update with error 0x80073D02: 9WZDNCRFJ364-MICROSOFT.SKYPEAPP.
13,Error,01-12-2022 09:01,Service Control Manager,7011,None,A timeout (30000 milliseconds) was reached while waiting for a transaction response from the WslService service.
14,Error,01-12-2022 09:01,Tcpip,4199,None,The system detected an address conflict for IP address 192.168.1.2 with the system having network hardware address 1A-02-16-21-C7-6F. Network operations on this system may be disrupted as a result.
15,Error,01-12-2022 06:57,Microsoft-Windows-WindowsUpdateClient,20,Windows Update Agent,Installation Failure: Windows failed to install the following update with error 0x80073D05: 9NBLGGH4MSV6-CanonicalGroupLimited.UbuntuonWindows.
16,Error,01-12-2022 06:50,Microsoft-Windows-WLAN-AutoConfig,10000,None,"WLAN Extensibility Module has failed to start.

Module Path: C:\WINDOWS\system32\IntelIHVRouter08.dll
Error Code: 21
"
17,Error,01-12-2022 06:49,Service Control Manager,7011,None,A timeout (30000 milliseconds) was reached while waiting for a transaction response from the WslService service.
18,Error,30-11-2022 18:01,Microsoft-Windows-WindowsUpdateClient,20,Windows Update Agent,Installation Failure: Windows failed to install the following update with error 0x80073D05: 9NBLGGH4MSV6-CanonicalGroupLimited.UbuntuonWindows.
19,Error,30-11-2022 14:31,Netwtw08,5002,None,Intel(R) Wireless-AC 9462 : Has determined that the network adapter is not functioning properly.
20,Error,30-11-2022 14:31,Netwtw08,5005,None,Intel(R) Wireless-AC 9462 : Has encountered an internal error and has failed.
21,Error,30-11-2022 13:51,Microsoft-Windows-HAL,15,None,The iommu has detected an error.
22,Error,30-11-2022 13:51,Microsoft-Windows-HAL,15,None,The iommu has detected an error.
23,Error,30-11-2022 13:51,Microsoft-Windows-HAL,15,None,The iommu has detected an error.
24,Error,30-11-2022 13:51,Microsoft-Windows-HAL,15,None,The iommu has detected an error.
25,Error,30-11-2022 13:51,Microsoft-Windows-HAL,15,None,The iommu has detected an error.
26,Error,30-11-2022 13:51,Microsoft-Windows-HAL,15,None,The iommu has detected an error.
27,Error,30-11-2022 13:51,Microsoft-Windows-HAL,15,None,The iommu has detected an error.
28,Error,30-11-2022 13:51,Microsoft-Windows-HAL,15,None,The iommu has detected an error.
29,Error,30-11-2022 13:51,Microsoft-Windows-HAL,15,None,The iommu has detected an error.
30,Error,30-11-2022 13:51,Microsoft-Windows-HAL,15,None,The iommu has detected an error.
31,Error,30-11-2022 13:51,Microsoft-Windows-HAL,15,None,The iommu has detected an error.
32,Error,30-11-2022 13:51,Microsoft-Windows-HAL,15,None,The iommu has detected an error.
33,Error,30-11-2022 13:51,Microsoft-Windows-HAL,15,None,The iommu has detected an error.
34,Error,30-11-2022 13:51,Microsoft-Windows-HAL,15,None,The iommu has detected an error.
35,Error,30-11-2022 13:51,Microsoft-Windows-HAL,15,None,The iommu has detected an error.
36,Error,30-11-2022 13:51,Microsoft-Windows-HAL,15,None,The iommu has detected an error.
37,Error,30-11-2022 13:43,Microsoft-Windows-HAL,15,None,The iommu has detected an error.
38,Error,30-11-2022 13:43,Microsoft-Windows-HAL,15,None,The iommu has detected an error.
39,Error,30-11-2022 13:43,Microsoft-Windows-HAL,15,None,The iommu has detected an error.
40,Error,30-11-2022 13:43,Microsoft-Windows-HAL,15,None,The iommu has detected an error.
41,Error,30-11-2022 13:43,Microsoft-Windows-HAL,15,None,The iommu has detected an error.
42,Error,30-11-2022 13:43,Microsoft-Windows-HAL,15,None,The iommu has detected an error.
43,Error,30-11-2022 13:43,Microsoft-Windows-HAL,15,None,The iommu has detected an error.
44,Error,30-11-2022 13:43,Microsoft-Windows-HAL,15,None,The iommu has detected an error.
45,Error,30-11-2022 13:43,Microsoft-Windows-HAL,15,None,The iommu has detected an error.
46,Error,30-11-2022 13:43,Microsoft-Windows-HAL,15,None,The iommu has detected an error.
47,Error,30-11-2022 13:43,Microsoft-Windows-HAL,15,None,The iommu has detected an error.
48,Error,30-11-2022 13:43,Microsoft-Windows-HAL,15,None,The iommu has detected an error.
49,Error,30-11-2022 13:43,Microsoft-Windows-HAL,15,None,The iommu has detected an error.
50,Error,30-11-2022 13:43,Microsoft-Windows-HAL,15,None,The iommu has detected an error.
51,Error,30-11-2022 13:43,Microsoft-Windows-HAL,15,None,The iommu has detected an error.
52,Error,30-11-2022 13:43,Microsoft-Windows-HAL,15,None,The iommu has detected an error.
53,Error,30-11-2022 13:43,Microsoft-Windows-HAL,15,None,The iommu has detected an error.
54,Error,30-11-2022 13:43,Microsoft-Windows-HAL,15,None,The iommu has detected an error.
55,Error,30-11-2022 13:43,Microsoft-Windows-HAL,15,None,The iommu has detected an error.
56,Error,30-11-2022 13:43,Microsoft-Windows-HAL,15,None,The iommu has detected an error.
57,Error,30-11-2022 13:43,Microsoft-Windows-HAL,15,None,The iommu has detected an error.
58,Error,30-11-2022 13:43,Microsoft-Windows-HAL,15,None,The iommu has detected an error.
59,Error,30-11-2022 13:43,Microsoft-Windows-HAL,15,None,The iommu has detected an error.
60,Error,30-11-2022 13:43,Microsoft-Windows-HAL,15,None,The iommu has detected an error.
61,Error,30-11-2022 13:43,Microsoft-Windows-HAL,15,None,The iommu has detected an error.
62,Error,30-11-2022 13:43,Microsoft-Windows-HAL,15,None,The iommu has detected an error.
63,Error,30-11-2022 13:43,Microsoft-Windows-HAL,15,None,The iommu has detected an error.
64,Error,30-11-2022 13:43,Microsoft-Windows-HAL,15,None,The iommu has detected an error.
65,Error,30-11-2022 13:43,Microsoft-Windows-HAL,15,None,The iommu has detected an error.
66,Error,30-11-2022 13:43,Microsoft-Windows-HAL,15,None,The iommu has detected an error.
67,Error,30-11-2022 13:43,Microsoft-Windows-HAL,15,None,The iommu has detected an error.
68,Error,30-11-2022 13:43,Microsoft-Windows-HAL,15,None,The iommu has detected an error.
69,Error,30-11-2022 13:43,Microsoft-Windows-HAL,15,None,The iommu has detected an error.
70,Error,30-11-2022 13:43,Microsoft-Windows-HAL,15,None,The iommu has detected an error.
71,Error,30-11-2022 13:43,Microsoft-Windows-HAL,15,None,The iommu has detected an error.
72,Error,30-11-2022 13:43,Microsoft-Windows-HAL,15,None,The iommu has detected an error.
73,Error,30-11-2022 13:43,Microsoft-Windows-HAL,15,None,The iommu has detected an error.
74,Error,30-11-2022 13:43,Microsoft-Windows-HAL,15,None,The iommu has detected an error.
75,Error,30-11-2022 13:43,Microsoft-Windows-HAL,15,None,The iommu has detected an error.
76,Error,30-11-2022 13:43,Microsoft-Windows-HAL,15,None,The iommu has detected an error.
77,Error,30-11-2022 13:43,Microsoft-Windows-HAL,15,None,The iommu has detected an error.
78,Error,30-11-2022 13:43,Microsoft-Windows-HAL,15,None,The iommu has detected an error.
79,Error,30-11-2022 13:43,Microsoft-Windows-HAL,15,None,The iommu has detected an error.
80,Error,30-11-2022 13:43,Microsoft-Windows-HAL,15,None,The iommu has detected an error.
81,Error,30-11-2022 13:43,Microsoft-Windows-HAL,15,None,The iommu has detected an error.
82,Error,30-11-2022 13:43,Microsoft-Windows-HAL,15,None,The iommu has detected an error.
83,Error,30-11-2022 13:43,Microsoft-Windows-HAL,15,None,The iommu has detected an error.
84,Error,30-11-2022 13:43,Microsoft-Windows-HAL,15,None,The iommu has detected an error.
85,Error,30-11-2022 13:43,Microsoft-Windows-HAL,15,None,The iommu has detected an error.
86,Error,30-11-2022 13:43,Microsoft-Windows-HAL,15,None,The iommu has detected an error.
87,Error,30-11-2022 13:43,Microsoft-Windows-HAL,15,None,The iommu has detected an error.
88,Error,30-11-2022 13:43,Microsoft-Windows-HAL,15,None,The iommu has detected an error.
89,Error,30-11-2022 13:43,Microsoft-Windows-HAL,15,None,The iommu has detected an error.
90,Error,30-11-2022 13:43,Microsoft-Windows-HAL,15,None,The iommu has detected an error.
91,Error,30-11-2022 13:43,Microsoft-Windows-HAL,15,None,The iommu has detected an error.
92,Error,30-11-2022 13:43,Microsoft-Windows-HAL,15,None,The iommu has detected an error.
93,Error,30-11-2022 13:43,Microsoft-Windows-HAL,15,None,The iommu has detected an error.
94,Error,30-11-2022 13:43,Microsoft-Windows-HAL,15,None,The iommu has detected an error.
95,Error,30-11-2022 13:43,Microsoft-Windows-HAL,15,None,The iommu has detected an error.
96,Error,30-11-2022 13:43,Microsoft-Windows-HAL,15,None,The iommu has detected an error.
97,Error,30-11-2022 13:43,Microsoft-Windows-HAL,15,None,The iommu has detected an error.
98,Error,30-11-2022 13:43,Microsoft-Windows-HAL,15,None,The iommu has detected an error.
99,Error,30-11-2022 13:43,Microsoft-Windows-HAL,15,None,The iommu has detected an error.
100,Error,30-11-2022 13:43,Microsoft-Windows-HAL,15,None,The iommu has detected an error.
101,Error,30-11-2022 13:43,Microsoft-Windows-HAL,15,None,The iommu has detected an error.
102,Error,30-11-2022 13:43,Microsoft-Windows-HAL,15,None,The iommu has detected an error.
103,Error,30-11-2022 13:43,Microsoft-Windows-HAL,15,None,The iommu has detected an error.
104,Error,30-11-2022 13:43,Microsoft-Windows-HAL,15,None,The iommu has detected an error.
105,Error,30-11-2022 13:43,Microsoft-Windows-HAL,15,None,The iommu has detected an error.
106,Error,30-11-2022 13:43,Microsoft-Windows-HAL,15,None,The iommu has detected an error.
107,Error,30-11-2022 13:43,Microsoft-Windows-HAL,15,None,The iommu has detected an error.
108,Error,30-11-2022 13:43,Microsoft-Windows-HAL,15,None,The iommu has detected an error.
109,Error,30-11-2022 13:43,Microsoft-Windows-HAL,15,None,The iommu has detected an error.
110,Error,30-11-2022 13:43,Microsoft-Windows-HAL,15,None,The iommu has detected an error.
111,Error,30-11-2022 13:43,Microsoft-Windows-HAL,15,None,The iommu has detected an error.
112,Error,30-11-2022 13:43,Microsoft-Windows-HAL,15,None,The iommu has detected an error.
113,Error,30-11-2022 13:43,Microsoft-Windows-HAL,15,None,The iommu has detected an error.
114,Error,30-11-2022 13:43,Microsoft-Windows-HAL,15,None,The iommu has detected an error.
115,Error,30-11-2022 13:43,Microsoft-Windows-HAL,15,None,The iommu has detected an error.
116,Error,30-11-2022 13:43,Microsoft-Windows-HAL,15,None,The iommu has detected an error.
117,Error,30-11-2022 13:43,Microsoft-Windows-HAL,15,None,The iommu has detected an error.
118,Error,30-11-2022 13:43,Microsoft-Windows-HAL,15,None,The iommu has detected an error.
119,Error,30-11-2022 13:42,Microsoft-Windows-HAL,15,None,The iommu has detected an error.
120,Error,30-11-2022 13:42,Microsoft-Windows-HAL,15,None,The iommu has detected an error.
121,Error,30-11-2022 13:42,Microsoft-Windows-HAL,15,None,The iommu has detected an error.
122,Error,30-11-2022 13:42,Microsoft-Windows-HAL,15,None,The iommu has detected an error.
123,Error,30-11-2022 13:42,Microsoft-Windows-HAL,15,None,The iommu has detected an error.
124,Error,30-11-2022 13:42,Microsoft-Windows-HAL,15,None,The iommu has detected an error.
125,Error,30-11-2022 13:42,Microsoft-Windows-HAL,15,None,The iommu has detected an error.
126,Error,30-11-2022 13:42,Microsoft-Windows-HAL,15,None,The iommu has detected an error.
127,Error,30-11-2022 13:42,Microsoft-Windows-HAL,15,None,The iommu has detected an error.
128,Error,30-11-2022 13:42,Microsoft-Windows-HAL,15,None,The iommu has detected an error.
129,Error,30-11-2022 13:42,Microsoft-Windows-HAL,15,None,The iommu has detected an error.
130,Error,30-11-2022 13:42,Microsoft-Windows-HAL,15,None,The iommu has detected an error.
131,Error,30-11-2022 13:42,Microsoft-Windows-HAL,15,None,The iommu has detected an error.
132,Error,30-11-2022 13:42,Microsoft-Windows-HAL,15,None,The iommu has detected an error.
133,Error,30-11-2022 13:42,Microsoft-Windows-HAL,15,None,The iommu has detected an error.
134,Error,30-11-2022 13:42,Microsoft-Windows-HAL,15,None,The iommu has detected an error.
135,Error,30-11-2022 13:42,Microsoft-Windows-HAL,15,None,The iommu has detected an error.
136,Error,30-11-2022 13:42,Microsoft-Windows-HAL,15,None,The iommu has detected an error.
137,Error,30-11-2022 13:42,Microsoft-Windows-HAL,15,None,The iommu has detected an error.
138,Error,30-11-2022 13:42,Microsoft-Windows-HAL,15,None,The iommu has detected an error.
139,Error,30-11-2022 13:42,Microsoft-Windows-HAL,15,None,The iommu has detected an error.
140,Error,30-11-2022 13:42,Microsoft-Windows-HAL,15,None,The iommu has detected an error.
141,Error,30-11-2022 13:42,Microsoft-Windows-HAL,15,None,The iommu has detected an error.
142,Error,30-11-2022 13:42,Microsoft-Windows-HAL,15,None,The iommu has detected an error.
143,Error,30-11-2022 13:42,Microsoft-Windows-HAL,15,None,The iommu has detected an error.
144,Error,30-11-2022 13:42,Microsoft-Windows-HAL,15,None,The iommu has detected an error.
145,Error,30-11-2022 13:42,Microsoft-Windows-HAL,15,None,The iommu has detected an error.
146,Error,30-11-2022 13:42,Microsoft-Windows-HAL,15,None,The iommu has detected an error.
147,Error,30-11-2022 13:42,Microsoft-Windows-HAL,15,None,The iommu has detected an error.
148,Error,30-11-2022 13:42,Microsoft-Windows-HAL,15,None,The iommu has detected an error.
149,Error,30-11-2022 13:42,Microsoft-Windows-HAL,15,None,The iommu has detected an error.
150,Error,30-11-2022 13:42,Microsoft-Windows-HAL,15,None,The iommu has detected an error.
151,Error,30-11-2022 13:42,Microsoft-Windows-HAL,15,None,The iommu has detected an error.
152,Error,30-11-2022 13:42,Microsoft-Windows-HAL,15,None,The iommu has detected an error.
153,Error,30-11-2022 13:42,Microsoft-Windows-HAL,15,None,The iommu has detected an error.
154,Error,30-11-2022 13:42,Microsoft-Windows-HAL,15,None,The iommu has detected an error.
155,Error,30-11-2022 13:42,Microsoft-Windows-HAL,15,None,The iommu has detected an error.
156,Error,30-11-2022 13:42,Microsoft-Windows-HAL,15,None,The iommu has detected an error.
157,Error,30-11-2022 13:42,Microsoft-Windows-HAL,15,None,The iommu has detected an error.
158,Error,30-11-2022 13:42,Microsoft-Windows-HAL,15,None,The iommu has detected an error.
159,Error,30-11-2022 13:42,Microsoft-Windows-HAL,15,None,The iommu has detected an error.
160,Error,30-11-2022 13:42,Microsoft-Windows-HAL,15,None,The iommu has detected an error.
161,Error,30-11-2022 13:42,Microsoft-Windows-HAL,15,None,The iommu has detected an error.
162,Error,30-11-2022 13:42,Microsoft-Windows-HAL,15,None,The iommu has detected an error.
163,Error,30-11-2022 13:42,Microsoft-Windows-HAL,15,None,The iommu has detected an error.
164,Error,30-11-2022 13:42,Microsoft-Windows-HAL,15,None,The iommu has detected an error.
165,Error,30-11-2022 13:42,Microsoft-Windows-HAL,15,None,The iommu has detected an error.
166,Error,30-11-2022 13:42,Microsoft-Windows-HAL,15,None,The iommu has detected an error.
167,Error,30-11-2022 13:42,Microsoft-Windows-HAL,15,None,The iommu has detected an error.
168,Error,30-11-2022 13:42,Microsoft-Windows-HAL,15,None,The iommu has detected an error.
169,Error,30-11-2022 13:42,Microsoft-Windows-HAL,15,None,The iommu has detected an error.
170,Error,30-11-2022 13:42,Microsoft-Windows-HAL,15,None,The iommu has detected an error.
171,Error,30-11-2022 13:42,Microsoft-Windows-HAL,15,None,The iommu has detected an error.
172,Error,30-11-2022 13:42,Microsoft-Windows-HAL,15,None,The iommu has detected an error.
173,Error,30-11-2022 13:42,Microsoft-Windows-HAL,15,None,The iommu has detected an error.
174,Error,30-11-2022 13:42,Microsoft-Windows-HAL,15,None,The iommu has detected an error.
175,Error,30-11-2022 13:42,Microsoft-Windows-HAL,15,None,The iommu has detected an error.
176,Error,30-11-2022 13:42,Microsoft-Windows-HAL,15,None,The iommu has detected an error.
177,Error,30-11-2022 13:42,Microsoft-Windows-HAL,15,None,The iommu has detected an error.
178,Error,30-11-2022 13:42,Microsoft-Windows-HAL,15,None,The iommu has detected an error.
179,Error,30-11-2022 13:42,Microsoft-Windows-HAL,15,None,The iommu has detected an error.
180,Error,30-11-2022 13:42,Microsoft-Windows-HAL,15,None,The iommu has detected an error.
181,Error,30-11-2022 13:42,Microsoft-Windows-HAL,15,None,The iommu has detected an error.
182,Error,30-11-2022 13:42,Microsoft-Windows-HAL,15,None,The iommu has detected an error.
183,Error,30-11-2022 13:42,Microsoft-Windows-HAL,15,None,The iommu has detected an error.
184,Error,30-11-2022 13:42,Microsoft-Windows-HAL,15,None,The iommu has detected an error.
185,Error,30-11-2022 13:42,Microsoft-Windows-HAL,15,None,The iommu has detected an error.
186,Error,30-11-2022 13:42,Microsoft-Windows-HAL,15,None,The iommu has detected an error.
187,Error,30-11-2022 13:42,Microsoft-Windows-HAL,15,None,The iommu has detected an error.
188,Error,30-11-2022 13:42,Microsoft-Windows-HAL,15,None,The iommu has detected an error.
189,Error,30-11-2022 13:42,Microsoft-Windows-HAL,15,None,The iommu has detected an error.
190,Error,30-11-2022 13:42,Microsoft-Windows-HAL,15,None,The iommu has detected an error.
191,Error,30-11-2022 13:42,Microsoft-Windows-HAL,15,None,The iommu has detected an error.
192,Error,30-11-2022 13:42,Microsoft-Windows-HAL,15,None,The iommu has detected an error.
193,Error,30-11-2022 13:42,Microsoft-Windows-HAL,15,None,The iommu has detected an error.
194,Error,30-11-2022 13:42,Microsoft-Windows-HAL,15,None,The iommu has detected an error.
195,Error,30-11-2022 13:42,Microsoft-Windows-HAL,15,None,The iommu has detected an error.
196,Error,30-11-2022 13:42,Microsoft-Windows-HAL,15,None,The iommu has detected an error.
197,Error,30-11-2022 13:42,Microsoft-Windows-HAL,15,None,The iommu has detected an error.
198,Error,30-11-2022 13:42,Microsoft-Windows-HAL,15,None,The iommu has detected an error.
199,Error,30-11-2022 13:42,Microsoft-Windows-HAL,15,None,The iommu has detected an error.
200,Error,30-11-2022 13:42,Microsoft-Windows-HAL,15,None,The iommu has detected an error.
201,Error,30-11-2022 13:42,Microsoft-Windows-HAL,15,None,The iommu has detected an error.
202,Error,30-11-2022 13:42,Microsoft-Windows-HAL,15,None,The iommu has detected an error.
203,Error,30-11-2022 13:42,Microsoft-Windows-HAL,15,None,The iommu has detected an error.
204,Error,30-11-2022 13:42,Microsoft-Windows-HAL,15,None,The iommu has detected an error.
205,Error,30-11-2022 13:42,Microsoft-Windows-HAL,15,None,The iommu has detected an error.
206,Error,30-11-2022 13:42,Microsoft-Windows-HAL,15,None,The iommu has detected an error.
207,Error,30-11-2022 13:42,Microsoft-Windows-HAL,15,None,The iommu has detected an error.
208,Error,30-11-2022 13:42,Microsoft-Windows-HAL,15,None,The iommu has detected an error.
209,Error,30-11-2022 13:42,Microsoft-Windows-HAL,15,None,The iommu has detected an error.
210,Error,30-11-2022 13:42,Microsoft-Windows-HAL,15,None,The iommu has detected an error.
211,Error,30-11-2022 13:42,Microsoft-Windows-HAL,15,None,The iommu has detected an error.
212,Error,30-11-2022 13:42,Microsoft-Windows-HAL,15,None,The iommu has detected an error.
213,Error,30-11-2022 13:42,Microsoft-Windows-HAL,15,None,The iommu has detected an error.
214,Error,30-11-2022 13:42,Microsoft-Windows-HAL,15,None,The iommu has detected an error.
215,Error,30-11-2022 13:42,Microsoft-Windows-HAL,15,None,The iommu has detected an error.
216,Error,30-11-2022 13:42,Microsoft-Windows-HAL,15,None,The iommu has detected an error.
217,Error,30-11-2022 13:42,Microsoft-Windows-HAL,15,None,The iommu has detected an error.
218,Error,30-11-2022 13:42,Microsoft-Windows-HAL,15,None,The iommu has detected an error.
219,Error,30-11-2022 13:42,Microsoft-Windows-HAL,15,None,The iommu has detected an error.
220,Error,30-11-2022 13:42,Microsoft-Windows-HAL,15,None,The iommu has detected an error.
221,Error,30-11-2022 13:42,Microsoft-Windows-HAL,15,None,The iommu has detected an error.
222,Error,30-11-2022 13:42,Microsoft-Windows-HAL,15,None,The iommu has detected an error.
223,Error,30-11-2022 13:42,Microsoft-Windows-HAL,15,None,The iommu has detected an error.
224,Error,30-11-2022 13:42,Microsoft-Windows-HAL,15,None,The iommu has detected an error.
225,Error,30-11-2022 13:42,Microsoft-Windows-HAL,15,None,The iommu has detected an error.
226,Error,30-11-2022 13:42,Microsoft-Windows-HAL,15,None,The iommu has detected an error.
227,Error,30-11-2022 13:42,Microsoft-Windows-HAL,15,None,The iommu has detected an error.
228,Error,30-11-2022 13:42,Microsoft-Windows-HAL,15,None,The iommu has detected an error.
229,Error,30-11-2022 13:42,Microsoft-Windows-HAL,15,None,The iommu has detected an error.
230,Error,30-11-2022 13:42,Microsoft-Windows-HAL,15,None,The iommu has detected an error.
231,Error,30-11-2022 13:42,Microsoft-Windows-HAL,15,None,The iommu has detected an error.
232,Error,30-11-2022 13:42,Microsoft-Windows-HAL,15,None,The iommu has detected an error.
233,Error,30-11-2022 13:42,Microsoft-Windows-HAL,15,None,The iommu has detected an error.
234,Error,30-11-2022 13:42,Microsoft-Windows-HAL,15,None,The iommu has detected an error.
235,Error,30-11-2022 13:42,Microsoft-Windows-HAL,15,None,The iommu has detected an error.
236,Error,30-11-2022 13:42,Microsoft-Windows-HAL,15,None,The iommu has detected an error.
237,Error,30-11-2022 13:42,Microsoft-Windows-HAL,15,None,The iommu has detected an error.
238,Error,30-11-2022 13:42,Microsoft-Windows-HAL,15,None,The iommu has detected an error.
239,Error,30-11-2022 13:42,Microsoft-Windows-HAL,15,None,The iommu has detected an error.
240,Error,30-11-2022 13:42,Microsoft-Windows-HAL,15,None,The iommu has detected an error.
241,Error,30-11-2022 13:42,Microsoft-Windows-HAL,15,None,The iommu has detected an error.
242,Error,30-11-2022 13:42,Microsoft-Windows-HAL,15,None,The iommu has detected an error.
243,Error,30-11-2022 11:46,Microsoft-Windows-WindowsUpdateClient,20,Windows Update Agent,Installation Failure: Windows failed to install the following update with error 0x80073D05: 9NBLGGH4MSV6-CanonicalGroupLimited.UbuntuonWindows.
244,Error,30-11-2022 11:09,Microsoft-Windows-DistributedCOM,10010,None,The server {8CFC164F-4BE5-4FDD-94E9-E2AF73ED4A19} did not register with DCOM within the required timeout.
245,Error,30-11-2022 11:05,Service Control Manager,7011,None,A timeout (30000 milliseconds) was reached while waiting for a transaction response from the WslService service.
246,Error,29-11-2022 21:19,Microsoft-Windows-WindowsUpdateClient,20,Windows Update Agent,Installation Failure: Windows failed to install the following update with error 0x80073D05: 9NBLGGH4MSV6-CanonicalGroupLimited.UbuntuonWindows.
247,Error,29-11-2022 19:31,Application Error,1000,Application Crashing Events,"Faulting application name: mfevtps.exe, version: 22.7.0.191, time stamp: 0x62b9312c
Faulting module name: CRYPT32.dll, version: 10.0.22621.674, time stamp: 0xf88e9ce4
Exception code: 0xc0000005
Fault offset: 0x000000000001ff72
Faulting process id: 0x0x1774
Faulting application start time: 0x0x1D8FE871E851854
Faulting application path: C:\Windows\system32\mfevtps.exe
Faulting module path: C:\WINDOWS\SYSTEM32\CRYPT32.dll
Report Id: e60fa5a3-0d5c-4977-b32f-201895b4ff00
Faulting package full name: 
Faulting package-relative application ID: "
248,Error,29-11-2022 16:22,Microsoft-Windows-WindowsUpdateClient,20,Windows Update Agent,Installation Failure: Windows failed to install the following update with error 0x80073D05: 9NBLGGH4MSV6-CanonicalGroupLimited.UbuntuonWindows.
249,Error,29-11-2022 12:03,Microsoft-Windows-WindowsUpdateClient,20,Windows Update Agent,Installation Failure: Windows failed to install the following update with error 0x80073D05: 9NBLGGH4MSV6-CanonicalGroupLimited.UbuntuonWindows.
250,Error,29-11-2022 09:43,Service Control Manager,7011,None,A timeout (30000 milliseconds) was reached while waiting for a transaction response from the WslService service.
251,Error,28-11-2022 21:16,Microsoft-Windows-WindowsUpdateClient,20,Windows Update Agent,Installation Failure: Windows failed to install the following update with error 0x80073D05: 9NBLGGH4MSV6-CanonicalGroupLimited.UbuntuonWindows.
252,Error,28-11-2022 17:15,Microsoft-Windows-WindowsUpdateClient,20,Windows Update Agent,Installation Failure: Windows failed to install the following update with error 0x80073D05: 9NBLGGH4MSV6-CanonicalGroupLimited.UbuntuonWindows.
253,Error,28-11-2022 12:43,Microsoft-Windows-WindowsUpdateClient,20,Windows Update Agent,Installation Failure: Windows failed to install the following update with error 0x80073D05: 9NBLGGH4MSV6-CanonicalGroupLimited.UbuntuonWindows.
254,Error,28-11-2022 11:23,Service Control Manager,7011,None,A timeout (30000 milliseconds) was reached while waiting for a transaction response from the WslService service.
255,Error,27-11-2022 15:27,Microsoft-Windows-WindowsUpdateClient,20,Windows Update Agent,Installation Failure: Windows failed to install the following update with error 0x80073D05: 9NBLGGH4MSV6-CanonicalGroupLimited.UbuntuonWindows.
256,Error,27-11-2022 11:03,Microsoft-Windows-WindowsUpdateClient,20,Windows Update Agent,Installation Failure: Windows failed to install the following update with error 0x80073D05: 9NBLGGH4MSV6-CanonicalGroupLimited.UbuntuonWindows.
257,Error,27-11-2022 10:50,Service Control Manager,7011,None,A timeout (30000 milliseconds) was reached while waiting for a transaction response from the WslService service.
258,Error,26-11-2022 22:21,Microsoft-Windows-WindowsUpdateClient,20,Windows Update Agent,Installation Failure: Windows failed to install the following update with error 0x80073D05: 9NBLGGH4MSV6-CanonicalGroupLimited.UbuntuonWindows.
259,Error,26-11-2022 15:52,Microsoft-Windows-WindowsUpdateClient,20,Windows Update Agent,Installation Failure: Windows failed to install the following update with error 0x80073D05: 9NBLGGH4MSV6-CanonicalGroupLimited.UbuntuonWindows.
260,Error,26-11-2022 11:40,Microsoft-Windows-WindowsUpdateClient,20,Windows Update Agent,Installation Failure: Windows failed to install the following update with error 0x80073D05: 9NBLGGH4MSV6-CanonicalGroupLimited.UbuntuonWindows.
261,Error,26-11-2022 09:44,Microsoft-Windows-DistributedCOM,10010,None,The server 5319275A.51895FA4EA97F_2.2247.4.0_x64__cv1g1gvanyjgm!App did not register with DCOM within the required timeout.
262,Error,26-11-2022 09:44,Application Error,1000,Application Crashing Events,"Faulting application name: WhatsApp.exe, version: 0.0.0.0, time stamp: 0x63750a41
Faulting module name: WhatsApp.dll, version: 0.0.0.0, time stamp: 0x63750a41
Exception code: 0x00001007
Fault offset: 0x0000000004b718f6
Faulting process id: 0x0x3F04
Faulting application start time: 0x0x1D9014C6946FB7E
Faulting application path: C:\Program Files\WindowsApps\5319275A.51895FA4EA97F_2.2246.2.0_x64__cv1g1gvanyjgm\WhatsApp.exe
Faulting module path: C:\Program Files\WindowsApps\5319275A.51895FA4EA97F_2.2246.2.0_x64__cv1g1gvanyjgm\WhatsApp.dll
Report Id: 4ca5ec36-ad5e-4c09-a187-8e5b92c6aff9
Faulting package full name: 5319275A.51895FA4EA97F_2.2246.2.0_x64__cv1g1gvanyjgm
Faulting package-relative application ID: App"
263,Error,26-11-2022 09:36,Service Control Manager,7011,None,A timeout (30000 milliseconds) was reached while waiting for a transaction response from the WslService service.
264,Error,25-11-2022 22:43,Service Control Manager,7011,None,A timeout (30000 milliseconds) was reached while waiting for a transaction response from the WslService service.
265,Error,25-11-2022 19:41,Microsoft-Windows-WindowsUpdateClient,20,Windows Update Agent,Installation Failure: Windows failed to install the following update with error 0x80073D05: 9NBLGGH4MSV6-CanonicalGroupLimited.UbuntuonWindows.
266,Error,25-11-2022 18:13,Application Error,1000,Application Crashing Events,"Faulting application name: MFEAvSvc.exe, version: 26.5.124.0, time stamp: 0x634c48c1
Faulting module name: ntdll.dll, version: 10.0.22621.755, time stamp: 0x8a328c67
Exception code: 0xc0000374
Fault offset: 0x000000000010c249
Faulting process id: 0x0x1C2C
Faulting application start time: 0x0x1D8FE8720B34A82
Faulting application path: C:\Program Files\McAfee\MfeAV\MFEAvSvc.exe
Faulting module path: C:\WINDOWS\SYSTEM32\ntdll.dll
Report Id: 24a35568-2bfd-44b8-9563-c773e39485a8
Faulting package full name: 
Faulting package-relative application ID: "
267,Error,25-11-2022 15:32,Microsoft-Windows-WindowsUpdateClient,20,Windows Update Agent,Installation Failure: Windows failed to install the following update with error 0x80073D05: 9NBLGGH4MSV6-CanonicalGroupLimited.UbuntuonWindows.
268,Error,25-11-2022 11:22,Microsoft-Windows-WindowsUpdateClient,20,Windows Update Agent,Installation Failure: Windows failed to install the following update with error 0x80073D05: 9NBLGGH4MSV6-CanonicalGroupLimited.UbuntuonWindows.
269,Error,25-11-2022 11:08,Microsoft-Windows-WindowsUpdateClient,20,Windows Update Agent,Installation Failure: Windows failed to install the following update with error 0x80073D02: 9NBDXK71NK08-5319275A.51895FA4EA97F.
270,Error,25-11-2022 10:43,Application Error,1000,Application Crashing Events,"Faulting application name: WhatsApp.exe, version: 0.0.0.0, time stamp: 0x63750a41
Faulting module name: WhatsApp.dll, version: 0.0.0.0, time stamp: 0x63750a41
Exception code: 0x00001007
Fault offset: 0x0000000004b718f6
Faulting process id: 0x0x4F1C
Faulting application start time: 0x0x1D9008B9DC759A1
Faulting application path: C:\Program Files\WindowsApps\5319275A.51895FA4EA97F_2.2246.2.0_x64__cv1g1gvanyjgm\WhatsApp.exe
Faulting module path: C:\Program Files\WindowsApps\5319275A.51895FA4EA97F_2.2246.2.0_x64__cv1g1gvanyjgm\WhatsApp.dll
Report Id: 780a0011-46ce-4c0a-9cff-d0c1d587a48b
Faulting package full name: 5319275A.51895FA4EA97F_2.2246.2.0_x64__cv1g1gvanyjgm
Faulting package-relative application ID: App"
271,Error,25-11-2022 09:35,Microsoft-Windows-WindowsUpdateClient,20,Windows Update Agent,Installation Failure: Windows failed to install the following update with error 0x80073D02: 9NMPJ99VJBWV-Microsoft.YourPhone.
272,Error,25-11-2022 09:30,Service Control Manager,7011,None,A timeout (30000 milliseconds) was reached while waiting for a transaction response from the WslService service.
273,Error,24-11-2022 23:37,VSS,8194,None,"Volume Shadow Copy Service error: Unexpected error querying for the IVssWriterCallback interface.  hr = 0x80070005, Access is denied.
. This is often caused by incorrect security settings in either the writer or requestor process. 

Operation:
   Gathering Writer Data

Context:
   Writer Class Id: {e8132975-6f93-4464-a53e-1050253ae220}
   Writer Name: System Writer
   Writer Instance ID: {7dbc7c76-99e4-42d3-8774-8830216fbc0d}"
274,Error,24-11-2022 23:35,VSS,8194,None,"Volume Shadow Copy Service error: Unexpected error querying for the IVssWriterCallback interface.  hr = 0x80070005, Access is denied.
. This is often caused by incorrect security settings in either the writer or requestor process. 

Operation:
   Gathering Writer Data

Context:
   Writer Class Id: {e8132975-6f93-4464-a53e-1050253ae220}
   Writer Name: System Writer
   Writer Instance ID: {7dbc7c76-99e4-42d3-8774-8830216fbc0d}"
275,Error,24-11-2022 17:49,Microsoft-Windows-WindowsUpdateClient,20,Windows Update Agent,Installation Failure: Windows failed to install the following update with error 0x80073D05: 9NBLGGH4MSV6-CanonicalGroupLimited.UbuntuonWindows.
276,Error,24-11-2022 14:59,VSS,8194,None,"Volume Shadow Copy Service error: Unexpected error querying for the IVssWriterCallback interface.  hr = 0x80070005, Access is denied.
. This is often caused by incorrect security settings in either the writer or requestor process. 

Operation:
   Gathering Writer Data

Context:
   Writer Class Id: {e8132975-6f93-4464-a53e-1050253ae220}
   Writer Name: System Writer
   Writer Instance ID: {7dbc7c76-99e4-42d3-8774-8830216fbc0d}"
277,Error,24-11-2022 14:57,VSS,8194,None,"Volume Shadow Copy Service error: Unexpected error querying for the IVssWriterCallback interface.  hr = 0x80070005, Access is denied.
. This is often caused by incorrect security settings in either the writer or requestor process. 

Operation:
   Gathering Writer Data

Context:
   Writer Class Id: {e8132975-6f93-4464-a53e-1050253ae220}
   Writer Name: System Writer
   Writer Instance ID: {7dbc7c76-99e4-42d3-8774-8830216fbc0d}"
278,Error,24-11-2022 11:59,Microsoft-Windows-WindowsUpdateClient,20,Windows Update Agent,Installation Failure: Windows failed to install the following update with error 0x80073D05: 9NBLGGH4MSV6-CanonicalGroupLimited.UbuntuonWindows.
279,Error,24-11-2022 09:20,Tcpip,4199,None,The system detected an address conflict for IP address 192.168.1.2 with the system having network hardware address D8-A3-15-58-BC-3B. Network operations on this system may be disrupted as a result.
280,Error,23-11-2022 15:54,Microsoft-Windows-WindowsUpdateClient,20,Windows Update Agent,Installation Failure: Windows failed to install the following update with error 0x80073D05: 9NBLGGH4MSV6-CanonicalGroupLimited.UbuntuonWindows.
281,Error,23-11-2022 11:53,Microsoft-Windows-WindowsUpdateClient,20,Windows Update Agent,Installation Failure: Windows failed to install the following update with error 0x80073D05: 9NBLGGH4MSV6-CanonicalGroupLimited.UbuntuonWindows.
282,Error,23-11-2022 10:56,Microsoft-Windows-Hyper-V-VmSwitch,32,-1022,"Failed to connect NIC 50B8B2C5-5FCE-4924-A774-F4DB77E55A57--61186DBD-D471-4B33-8E83-794873E4658E (Friendly Name: ) to port 61186DBD-D471-4B33-8E83-794873E4658E (Friendly Name: ) on switch B95D0C5E-57D4-412B-B571-18A81A16E005 (Friendly Name: ), status = Object Name not found.. UniqueEvent = 80."
283,Error,23-11-2022 09:50,Microsoft-Windows-Hyper-V-VmSwitch,32,-1022,"Failed to connect NIC 50B8B2C5-5FCE-4924-A774-F4DB77E55A57--61186DBD-D471-4B33-8E83-794873E4658E (Friendly Name: ) to port 61186DBD-D471-4B33-8E83-794873E4658E (Friendly Name: ) on switch B95D0C5E-57D4-412B-B571-18A81A16E005 (Friendly Name: ), status = Object Name not found.. UniqueEvent = 80."
284,Error,23-11-2022 09:49,Microsoft-Windows-Hyper-V-VmSwitch,32,-1022,"Failed to connect NIC 50B8B2C5-5FCE-4924-A774-F4DB77E55A57--61186DBD-D471-4B33-8E83-794873E4658E (Friendly Name: ) to port 61186DBD-D471-4B33-8E83-794873E4658E (Friendly Name: ) on switch B95D0C5E-57D4-412B-B571-18A81A16E005 (Friendly Name: ), status = Object Name not found.. UniqueEvent = 80."
285,Error,22-11-2022 20:58,Service Control Manager,7000,None,"The bfs service failed to start due to the following error: 
Access is denied."
286,Error,22-11-2022 20:58,EventLog,6008,None,The previous system shutdown at 8:57:25 PM on ?11/?22/?2022 was unexpected.
287,Error,22-11-2022 20:56,Microsoft-Windows-WindowsUpdateClient,20,Windows Update Agent,Installation Failure: Windows failed to install the following update with error 0x80073D05: 9NBLGGH4MSV6-CanonicalGroupLimited.UbuntuonWindows.
288,Error,22-11-2022 20:53,Microsoft-Windows-DistributedCOM,10010,None,The server {8CFC164F-4BE5-4FDD-94E9-E2AF73ED4A19} did not register with DCOM within the required timeout.
289,Error,22-11-2022 20:52,Microsoft-Windows-WindowsUpdateClient,20,Windows Update Agent,Installation Failure: Windows failed to install the following update with error 0x80073D05: 9NBLGGH4MSV6-CanonicalGroupLimited.UbuntuonWindows.
290,Error,22-11-2022 20:52,Microsoft-Windows-WindowsUpdateClient,20,Windows Update Agent,Installation Failure: Windows failed to install the following update with error 0x80073D05: 9NBLGGH4MSV6-CanonicalGroupLimited.UbuntuonWindows.
291,Error,22-11-2022 20:49,Application Error,1000,Application Crashing Events,"Faulting application name: WavesSvc64.exe, version: 1.84.2.0, time stamp: 0x62fb1c60
Faulting module name: WavesSvc64.exe, version: 1.84.2.0, time stamp: 0x62fb1c60
Exception code: 0xc0000005
Fault offset: 0x00000000000a188e
Faulting process id: 0x0x1134
Faulting application start time: 0x0x1D8FE85BCDAE0F8
Faulting application path: C:\Windows\System32\DriverStore\FileRepository\wavesapo11de.inf_amd64_6a79bca33cf402a4\WavesSvc64.exe
Faulting module path: C:\Windows\System32\DriverStore\FileRepository\wavesapo11de.inf_amd64_6a79bca33cf402a4\WavesSvc64.exe
Report Id: 4267fee5-ca2f-43aa-aee1-495fb0faee23
Faulting package full name: 
Faulting package-relative application ID: "
292,Error,22-11-2022 17:57,Microsoft-Windows-WindowsUpdateClient,20,Windows Update Agent,Installation Failure: Windows failed to install the following update with error 0x80073D05: 9NBLGGH4MSV6-CanonicalGroupLimited.UbuntuonWindows.
293,Error,22-11-2022 16:08,Microsoft-Windows-DistributedCOM,10010,None,The server {8CFC164F-4BE5-4FDD-94E9-E2AF73ED4A19} did not register with DCOM within the required timeout.
294,Error,22-11-2022 10:41,Service Control Manager,7046,None,"The following service has repeatedly stopped responding to service control requests: Windows Subsystem for Linux

Contact the service vendor or the system administrator about whether to disable this service until the problem is identified.

You may have to restart the computer in safe mode before you can disable the service."
295,Error,22-11-2022 10:41,Service Control Manager,7011,None,A timeout (30000 milliseconds) was reached while waiting for a transaction response from the WslService service.
296,Error,22-11-2022 10:32,Microsoft-Windows-WindowsUpdateClient,20,Windows Update Agent,Installation Failure: Windows failed to install the following update with error 0x80073D02: 9NBDXK71NK08-5319275A.51895FA4EA97F.
297,Error,22-11-2022 09:57,Microsoft-Windows-DistributedCOM,10010,None,The server {8CFC164F-4BE5-4FDD-94E9-E2AF73ED4A19} did not register with DCOM within the required timeout.
298,Error,22-11-2022 09:54,Service Control Manager,7011,None,A timeout (30000 milliseconds) was reached while waiting for a transaction response from the WslService service.
299,Error,22-11-2022 09:53,Service Control Manager,7011,None,A timeout (30000 milliseconds) was reached while waiting for a transaction response from the WslService service.
300,Error,22-11-2022 09:53,Service Control Manager,7011,None,A timeout (30000 milliseconds) was reached while waiting for a transaction response from the WslService service.
301,Error,21-11-2022 09:56,Service Control Manager,7011,None,A timeout (30000 milliseconds) was reached while waiting for a transaction response from the WslService service.
302,Error,21-11-2022 08:40,Service Control Manager,7011,None,A timeout (30000 milliseconds) was reached while waiting for a transaction response from the WslService service.
303,Error,21-11-2022 08:37,Service Control Manager,7011,None,A timeout (30000 milliseconds) was reached while waiting for a transaction response from the WslService service.
304,Error,21-11-2022 08:36,Service Control Manager,7011,None,A timeout (30000 milliseconds) was reached while waiting for a transaction response from the WslService service.
305,Error,21-11-2022 08:36,Service Control Manager,7011,None,A timeout (30000 milliseconds) was reached while waiting for a transaction response from the WslService service.
306,Error,20-11-2022 15:04,Service Control Manager,7011,None,A timeout (30000 milliseconds) was reached while waiting for a transaction response from the WslService service.
307,Error,20-11-2022 11:38,Microsoft-Windows-DistributedCOM,10010,None,The server {AB8902B4-09CA-4BB6-B78D-A8F59079A8D5} did not register with DCOM within the required timeout.
308,Error,20-11-2022 11:38,Microsoft-Windows-DistributedCOM,10010,None,The server {AB8902B4-09CA-4BB6-B78D-A8F59079A8D5} did not register with DCOM within the required timeout.
309,Error,20-11-2022 11:38,Microsoft-Windows-DistributedCOM,10010,None,The server {AB8902B4-09CA-4BB6-B78D-A8F59079A8D5} did not register with DCOM within the required timeout.
310,Error,20-11-2022 11:38,Microsoft-Windows-DistributedCOM,10010,None,The server {AB8902B4-09CA-4BB6-B78D-A8F59079A8D5} did not register with DCOM within the required timeout.
311,Error,20-11-2022 11:38,Microsoft-Windows-DistributedCOM,10010,None,The server {AB8902B4-09CA-4BB6-B78D-A8F59079A8D5} did not register with DCOM within the required timeout.
312,Error,20-11-2022 11:31,Service Control Manager,7011,None,A timeout (30000 milliseconds) was reached while waiting for a transaction response from the WslService service.
313,Error,20-11-2022 10:28,Service Control Manager,7011,None,A timeout (30000 milliseconds) was reached while waiting for a transaction response from the WslService service.
314,Error,20-11-2022 09:54,Service Control Manager,7011,None,A timeout (30000 milliseconds) was reached while waiting for a transaction response from the WslService service.
315,Error,19-11-2022 18:58,Service Control Manager,7011,None,A timeout (30000 milliseconds) was reached while waiting for a transaction response from the WslService service.
316,Error,19-11-2022 10:12,Application Hang,1002,Hanging Events,"The program msrdc.exe version 1.2.3575.0 stopped interacting with Windows and was closed. To see if more information about the problem is available, check the problem history in the Security and Maintenance control panel.
"
317,Error,19-11-2022 09:10,Service Control Manager,7011,None,A timeout (30000 milliseconds) was reached while waiting for a transaction response from the WslService service.
318,Error,18-11-2022 11:35,Microsoft-Windows-WindowsUpdateClient,20,Windows Update Agent,Installation Failure: Windows failed to install the following update with error 0x80073D02: 9NKSQGP7F2NH-5319275A.WhatsAppDesktop.
319,Error,18-11-2022 11:35,Microsoft-Windows-WindowsUpdateClient,20,Windows Update Agent,Installation Failure: Windows failed to install the following update with error 0x80073D02: 9NBDXK71NK08-5319275A.51895FA4EA97F.
320,Error,18-11-2022 11:34,Microsoft-Windows-WindowsUpdateClient,20,Windows Update Agent,Installation Failure: Windows failed to install the following update with error 0x80073D02: 9P9TQF7MRM4R-MicrosoftCorporationII.WindowsSubsystemforLinux.
321,Error,18-11-2022 11:13,Tcpip,4199,None,The system detected an address conflict for IP address 192.168.1.3 with the system having network hardware address 1A-02-16-21-C7-6F. Network operations on this system may be disrupted as a result.
322,Error,17-11-2022 22:28,Service Control Manager,7011,None,A timeout (30000 milliseconds) was reached while waiting for a transaction response from the WslService service.
323,Error,17-11-2022 10:47,Microsoft-Windows-WindowsUpdateClient,20,Windows Update Agent,Installation Failure: Windows failed to install the following update with error 0x80073D02: 9NKSQGP7F2NH-5319275A.WhatsAppDesktop.
324,Error,17-11-2022 10:46,Microsoft-Windows-WindowsUpdateClient,20,Windows Update Agent,Installation Failure: Windows failed to install the following update with error 0x80073D02: 9P9TQF7MRM4R-MicrosoftCorporationII.WindowsSubsystemforLinux.
325,Error,17-11-2022 10:29,Microsoft-Windows-DNS-Client,1012,-1012,There was an error while attempting to read the local hosts file.
326,Error,17-11-2022 10:28,Service Control Manager,7011,None,A timeout (30000 milliseconds) was reached while waiting for a transaction response from the WslService service.
327,Error,17-11-2022 10:27,Tcpip,4199,None,The system detected an address conflict for IP address 192.168.1.2 with the system having network hardware address 1A-02-16-21-C7-6F. Network operations on this system may be disrupted as a result.
328,Error,16-11-2022 22:05,Service Control Manager,7011,None,A timeout (30000 milliseconds) was reached while waiting for a transaction response from the WslService service.
329,Error,16-11-2022 19:57,Netwtw08,5002,None,Intel(R) Wireless-AC 9462 : Has determined that the network adapter is not functioning properly.
330,Error,16-11-2022 19:57,Netwtw08,5005,None,Intel(R) Wireless-AC 9462 : Has encountered an internal error and has failed.
331,Error,16-11-2022 12:16,Microsoft-Windows-WindowsUpdateClient,20,Windows Update Agent,Installation Failure: Windows failed to install the following update with error 0x80073D02: 9WZDNCRFJ364-MICROSOFT.SKYPEAPP.
332,Error,16-11-2022 12:13,Microsoft-Windows-WindowsUpdateClient,20,Windows Update Agent,Installation Failure: Windows failed to install the following update with error 0x80073D02: 9NKSQGP7F2NH-5319275A.WhatsAppDesktop.
333,Error,15-11-2022 21:56,Microsoft-Windows-DistributedCOM,10010,None,The server {7966B4D8-4FDC-4126-A10B-39A3209AD251} did not register with DCOM within the required timeout.
334,Error,15-11-2022 21:55,Microsoft-Windows-DistributedCOM,10010,None,The server {7966B4D8-4FDC-4126-A10B-39A3209AD251} did not register with DCOM within the required timeout.
335,Error,15-11-2022 21:55,Microsoft-Windows-DistributedCOM,10010,None,The server {7966B4D8-4FDC-4126-A10B-39A3209AD251} did not register with DCOM within the required timeout.
